{
  "RSpec": {
    "coverage": {
      "/Users/Automatic365/Turing/1605/mod_4/projects/ideabox_2.0/app/helpers/application_helper.rb": [
        1,
        null
      ],
      "/Users/Automatic365/Turing/1605/mod_4/projects/ideabox_2.0/app/models/idea.rb": [
        1,
        1,
        null,
        1,
        null
      ],
      "/Users/Automatic365/Turing/1605/mod_4/projects/ideabox_2.0/app/models/application_record.rb": [
        1,
        1,
        null
      ],
      "/Users/Automatic365/Turing/1605/mod_4/projects/ideabox_2.0/app/controllers/ideas_controller.rb": [
        1,
        null,
        1,
        2,
        null,
        null,
        null
      ],
      "/Users/Automatic365/Turing/1605/mod_4/projects/ideabox_2.0/app/controllers/application_controller.rb": [
        1,
        1,
        null
      ],
      "/Users/Automatic365/Turing/1605/mod_4/projects/ideabox_2.0/app/controllers/api/v1/ideas_controller.rb": [
        1,
        null,
        1,
        6,
        null,
        null,
        1,
        1,
        null,
        null,
        1,
        1,
        null,
        null,
        1,
        1,
        1,
        null,
        null,
        1,
        null,
        1,
        3,
        null,
        null,
        null
      ],
      "/Users/Automatic365/Turing/1605/mod_4/projects/ideabox_2.0/app/channels/application_cable/channel.rb": [
        0,
        0,
        0,
        0
      ],
      "/Users/Automatic365/Turing/1605/mod_4/projects/ideabox_2.0/app/channels/application_cable/connection.rb": [
        0,
        0,
        0,
        0
      ],
      "/Users/Automatic365/Turing/1605/mod_4/projects/ideabox_2.0/app/jobs/application_job.rb": [
        0,
        0
      ],
      "/Users/Automatic365/Turing/1605/mod_4/projects/ideabox_2.0/app/mailers/application_mailer.rb": [
        0,
        0,
        0,
        0
      ]
    },
    "timestamp": 1475774632
  }
}
